<?xml version="1.0" encoding="UTF-8"?>
<testsuite xmlns:xsi="http://www.w3.org/2001/XMLSchema-instance" xsi:noNamespaceSchemaLocation="https://maven.apache.org/surefire/maven-surefire-plugin/xsd/surefire-test-report-3.0.xsd" version="3.0" name="com.FinalProject.Coders.CodersApplicationTests" time="3.87" tests="1" errors="0" skipped="0" failures="0">
  <properties>
[...]
</properties>
  <testcase name="contextLoads" classname="com.FinalProject.Coders.CodersApplicationTests" time="0.394">
    <system-out><![CDATA[20:57:56.172 [main] INFO org.springframework.test.context.support.AnnotationConfigContextLoaderUtils -- Could not detect default configuration classes for test class [com.FinalProject.Coders.CodersApplicationTests]: CodersApplicationTests does not declare any static, non-private, non-final, nested classes annotated with @Configuration.
20:57:56.227 [main] INFO org.springframework.boot.test.context.SpringBootTestContextBootstrapper -- Found @SpringBootConfiguration com.FinalProject.Coders.CodersApplication for test class com.FinalProject.Coders.CodersApplicationTests
20:57:56.330 [main] INFO org.springframework.boot.devtools.restart.RestartApplicationListener -- Restart disabled due to context in which it is running

  .   ____          _            __ _ _
 /\\ / ___'_ __ _ _(_)_ __  __ _ \ \ \ \
( ( )\___ | '_ | '_| | '_ \/ _` | \ \ \ \
 \\/  ___)| |_)| | | | | || (_| |  ) ) ) )
  '  |____| .__|_| |_|_| |_\__, | / / / /
 =========|_|==============|___/=/_/_/_/
 :: Spring Boot ::                (v3.1.7)

2024-01-30T20:57:56.490+04:00  INFO 19333 --- [           main] c.F.Coders.CodersApplicationTests        : Starting CodersApplicationTests using Java 17.0.9 with PID 19333 (started by tamerlan in /opt/java_projects/coders/Coders)
2024-01-30T20:57:56.491+04:00  INFO 19333 --- [           main] c.F.Coders.CodersApplicationTests        : No active profile set, falling back to 1 default profile: "default"
2024-01-30T20:57:56.915+04:00  INFO 19333 --- [           main] .s.d.r.c.RepositoryConfigurationDelegate : Bootstrapping Spring Data JPA repositories in DEFAULT mode.
2024-01-30T20:57:56.956+04:00  INFO 19333 --- [           main] .s.d.r.c.RepositoryConfigurationDelegate : Finished Spring Data repository scanning in 37 ms. Found 5 JPA repository interfaces.
2024-01-30T20:57:57.315+04:00  INFO 19333 --- [           main] o.hibernate.jpa.internal.util.LogHelper  : HHH000204: Processing PersistenceUnitInfo [name: default]
2024-01-30T20:57:57.349+04:00  INFO 19333 --- [           main] org.hibernate.Version                    : HHH000412: Hibernate ORM core version 6.2.17.Final
2024-01-30T20:57:57.351+04:00  INFO 19333 --- [           main] org.hibernate.cfg.Environment            : HHH000406: Using bytecode reflection optimizer
2024-01-30T20:57:57.529+04:00  INFO 19333 --- [           main] o.s.o.j.p.SpringPersistenceUnitInfo      : No LoadTimeWeaver setup: ignoring JPA class transformer
2024-01-30T20:57:57.547+04:00  INFO 19333 --- [           main] com.zaxxer.hikari.HikariDataSource       : HikariPool-1 - Starting...
2024-01-30T20:57:57.775+04:00  INFO 19333 --- [           main] com.zaxxer.hikari.pool.HikariPool        : HikariPool-1 - Added connection org.postgresql.jdbc.PgConnection@5409dfdd
2024-01-30T20:57:57.777+04:00  INFO 19333 --- [           main] com.zaxxer.hikari.HikariDataSource       : HikariPool-1 - Start completed.
2024-01-30T20:57:58.490+04:00  INFO 19333 --- [           main] o.h.e.t.j.p.i.JtaPlatformInitiator       : HHH000489: No JTA platform available (set 'hibernate.transaction.jta.platform' to enable JTA platform integration)
2024-01-30T20:57:58.569+04:00  INFO 19333 --- [           main] j.LocalContainerEntityManagerFactoryBean : Initialized JPA EntityManagerFactory for persistence unit 'default'
2024-01-30T20:57:58.785+04:00  INFO 19333 --- [           main] o.s.d.j.r.query.QueryEnhancerFactory     : Hibernate is in classpath; If applicable, HQL parser will be used.
Controller working!
2024-01-30T20:57:59.337+04:00  INFO 19333 --- [           main] o.s.s.web.DefaultSecurityFilterChain     : Will secure any request with [org.springframework.security.web.session.DisableEncodeUrlFilter@6cb2d5ea, org.springframework.security.web.context.request.async.WebAsyncManagerIntegrationFilter@3ed1446c, org.springframework.security.web.context.SecurityContextHolderFilter@64d0b8e3, org.springframework.security.web.header.HeaderWriterFilter@50b1dfab, org.springframework.security.web.authentication.logout.LogoutFilter@3ce4b0a8, com.FinalProject.Coders.security.JwtAuthenticationFilter@1043c493, org.springframework.security.web.savedrequest.RequestCacheAwareFilter@7be9582e, org.springframework.security.web.servletapi.SecurityContextHolderAwareRequestFilter@4c25687b, org.springframework.security.web.authentication.AnonymousAuthenticationFilter@2e9bff08, org.springframework.security.web.session.SessionManagementFilter@5ba7391b, org.springframework.security.web.access.ExceptionTranslationFilter@fee1e32, org.springframework.security.web.access.intercept.AuthorizationFilter@1018552d]
2024-01-30T20:57:59.550+04:00  INFO 19333 --- [           main] c.F.Coders.CodersApplicationTests        : Started CodersApplicationTests in 3.229 seconds (process running for 3.732)
]]></system-out>
  </testcase>
</testsuite>